<?xml version="1.0" encoding="UTF-8"?>
<robot generator="Robot 6.1.1 (Python 3.11.2 on win32)" generated="20230924 14:43:14.148" rpa="false" schemaversion="4">
<suite id="s1" name="Pierwszyrobot" source="C:\Users\vdi-student\Desktop\kamil_24.09\pierwszyrobot.robot">
<test id="s1-t1" name="Log In Wikipedia" line="11">
<kw name="Open Browser" library="SeleniumLibrary">
<arg>https://pl.wikipedia.org</arg>
<arg>chrome</arg>
<doc>Opens a new browser instance to the optional ``url``.</doc>
<msg timestamp="20230924 14:43:14.393" level="INFO">Opening browser 'chrome' to base url 'https://pl.wikipedia.org'.</msg>
<status status="PASS" starttime="20230924 14:43:14.393" endtime="20230924 14:43:16.186"/>
</kw>
<kw name="Run Keyword And Ignore Error" library="BuiltIn">
<arg>Click Element</arg>
<arg>id:nieistniejace</arg>
<doc>Runs the given keyword with the given arguments and ignores possible error.</doc>
<kw name="Click Element" library="SeleniumLibrary">
<arg>id:nieistniejace</arg>
<doc>Click the element identified by ``locator``.</doc>
<msg timestamp="20230924 14:43:16.194" level="INFO">Clicking element 'id:nieistniejace'.</msg>
<msg timestamp="20230924 14:43:16.398" level="INFO" html="true">&lt;/td&gt;&lt;/tr&gt;&lt;tr&gt;&lt;td colspan="3"&gt;&lt;a href="selenium-screenshot-4.png"&gt;&lt;img src="selenium-screenshot-4.png" width="800px"&gt;&lt;/a&gt;</msg>
<msg timestamp="20230924 14:43:16.398" level="FAIL">Element with locator 'id:nieistniejace' not found.</msg>
<status status="FAIL" starttime="20230924 14:43:16.193" endtime="20230924 14:43:16.401"/>
</kw>
<status status="PASS" starttime="20230924 14:43:16.193" endtime="20230924 14:43:16.401"/>
</kw>
<kw name="Wait Until Element Is Visible" library="SeleniumLibrary">
<arg>id:pt-login-2</arg>
<arg>5</arg>
<doc>Waits until the element ``locator`` is visible.</doc>
<status status="PASS" starttime="20230924 14:43:16.402" endtime="20230924 14:43:16.427"/>
</kw>
<kw name="Click Element" library="SeleniumLibrary">
<arg>id:pt-login-2</arg>
<doc>Click the element identified by ``locator``.</doc>
<msg timestamp="20230924 14:43:16.428" level="INFO">Clicking element 'id:pt-login-2'.</msg>
<status status="PASS" starttime="20230924 14:43:16.428" endtime="20230924 14:43:17.547"/>
</kw>
<kw name="Input Text" library="SeleniumLibrary">
<arg>id:wpName1</arg>
<arg>RobotTests</arg>
<doc>Types the given ``text`` into the text field identified by ``locator``.</doc>
<msg timestamp="20230924 14:43:17.549" level="INFO">Typing text 'RobotTests' into text field 'id:wpName1'.</msg>
<status status="PASS" starttime="20230924 14:43:17.548" endtime="20230924 14:43:17.649"/>
</kw>
<kw name="Input Password" library="SeleniumLibrary">
<arg>id:wpPassword1</arg>
<arg>RobotFramework</arg>
<doc>Types the given password into the text field identified by ``locator``.</doc>
<msg timestamp="20230924 14:43:17.650" level="INFO">Typing password into text field 'id:wpPassword1'.</msg>
<msg timestamp="20230924 14:43:17.686" level="INFO">Temporally setting log level to: NONE</msg>
<msg timestamp="20230924 14:43:17.748" level="INFO">Log level changed from NONE to INFO.</msg>
<status status="PASS" starttime="20230924 14:43:17.649" endtime="20230924 14:43:17.748"/>
</kw>
<kw name="Click Button" library="SeleniumLibrary">
<arg>id:wpLoginAttempt</arg>
<doc>Clicks the button identified by ``locator``.</doc>
<msg timestamp="20230924 14:43:17.750" level="INFO">Clicking button 'id:wpLoginAttempt'.</msg>
<status status="PASS" starttime="20230924 14:43:17.749" endtime="20230924 14:43:22.182"/>
</kw>
<kw name="Capture Page Screenshot" library="SeleniumLibrary">
<doc>Takes a screenshot of the current page and embeds it into a log file.</doc>
<msg timestamp="20230924 14:43:22.291" level="INFO" html="true">&lt;/td&gt;&lt;/tr&gt;&lt;tr&gt;&lt;td colspan="3"&gt;&lt;a href="selenium-screenshot-5.png"&gt;&lt;img src="selenium-screenshot-5.png" width="800px"&gt;&lt;/a&gt;</msg>
<status status="PASS" starttime="20230924 14:43:22.182" endtime="20230924 14:43:22.291"/>
</kw>
<status status="PASS" starttime="20230924 14:43:14.393" endtime="20230924 14:43:22.291"/>
</test>
<status status="PASS" starttime="20230924 14:43:14.153" endtime="20230924 14:43:22.293"/>
</suite>
<statistics>
<total>
<stat pass="1" fail="0" skip="0">All Tests</stat>
</total>
<tag>
</tag>
<suite>
<stat pass="1" fail="0" skip="0" id="s1" name="Pierwszyrobot">Pierwszyrobot</stat>
</suite>
</statistics>
<errors>
</errors>
</robot>
