<?xml version="1.0" encoding="UTF-8"?>
<robot generator="Robot 6.1.1 (Python 3.11.2 on win32)" generated="20231029 13:20:08.881" rpa="false" schemaversion="4">
<suite id="s1" name="Robot Cwiczenie" source="C:\Users\vdi-student\Desktop\kamil_24.09\robot_cwiczenie.robot">
<test id="s1-t1" name="Registration" line="18">
<kw name="Open My Browser">
<kw name="Open Browser" library="SeleniumLibrary">
<arg>https://gotujmy.pl/forum/</arg>
<arg>Chrome</arg>
<doc>Opens a new browser instance to the optional ``url``.</doc>
<msg timestamp="20231029 13:20:09.121" level="INFO">Opening browser 'Chrome' to base url 'https://gotujmy.pl/forum/'.</msg>
<status status="PASS" starttime="20231029 13:20:09.121" endtime="20231029 13:20:11.972"/>
</kw>
<kw name="Maximize Browser Window" library="SeleniumLibrary">
<doc>Maximizes current browser window.</doc>
<status status="PASS" starttime="20231029 13:20:11.972" endtime="20231029 13:20:12.106"/>
</kw>
<kw name="Sleep" library="BuiltIn">
<arg>3</arg>
<doc>Pauses the test executed for the given time.</doc>
<msg timestamp="20231029 13:20:15.107" level="INFO">Slept 3 seconds</msg>
<status status="PASS" starttime="20231029 13:20:12.107" endtime="20231029 13:20:15.107"/>
</kw>
<kw name="Run Keyword And Ignore Error" library="BuiltIn">
<arg>Scroll Element Into View</arg>
<arg>//*[@id="tcf277-permissions-modal"]/div[3]/div/button[2]</arg>
<doc>Runs the given keyword with the given arguments and ignores possible error.</doc>
<kw name="Scroll Element Into View" library="SeleniumLibrary">
<arg>//*[@id="tcf277-permissions-modal"]/div[3]/div/button[2]</arg>
<doc>Scrolls the element identified by ``locator`` into view.</doc>
<msg timestamp="20231029 13:20:15.284" level="INFO" html="true">&lt;/td&gt;&lt;/tr&gt;&lt;tr&gt;&lt;td colspan="3"&gt;&lt;a href="selenium-screenshot-47.png"&gt;&lt;img src="selenium-screenshot-47.png" width="800px"&gt;&lt;/a&gt;</msg>
<msg timestamp="20231029 13:20:15.284" level="FAIL">Element with locator '//*[@id="tcf277-permissions-modal"]/div[3]/div/button[2]' not found.</msg>
<status status="FAIL" starttime="20231029 13:20:15.107" endtime="20231029 13:20:15.284"/>
</kw>
<status status="PASS" starttime="20231029 13:20:15.107" endtime="20231029 13:20:15.289"/>
</kw>
<kw name="Run Keyword And Ignore Error" library="BuiltIn">
<arg>click button</arg>
<arg>//*[@id="tcf277-permissions-modal"]/div[3]/div/button[2]</arg>
<doc>Runs the given keyword with the given arguments and ignores possible error.</doc>
<kw name="Click Button" library="SeleniumLibrary">
<arg>//*[@id="tcf277-permissions-modal"]/div[3]/div/button[2]</arg>
<doc>Clicks the button identified by ``locator``.</doc>
<msg timestamp="20231029 13:20:15.289" level="INFO">Clicking button '//*[@id="tcf277-permissions-modal"]/div[3]/div/button[2]'.</msg>
<msg timestamp="20231029 13:20:15.467" level="INFO" html="true">&lt;/td&gt;&lt;/tr&gt;&lt;tr&gt;&lt;td colspan="3"&gt;&lt;a href="selenium-screenshot-48.png"&gt;&lt;img src="selenium-screenshot-48.png" width="800px"&gt;&lt;/a&gt;</msg>
<msg timestamp="20231029 13:20:15.467" level="FAIL">Button with locator '//*[@id="tcf277-permissions-modal"]/div[3]/div/button[2]' not found.</msg>
<status status="FAIL" starttime="20231029 13:20:15.289" endtime="20231029 13:20:15.468"/>
</kw>
<status status="PASS" starttime="20231029 13:20:15.289" endtime="20231029 13:20:15.468"/>
</kw>
<kw name="Run Keyword And Ignore Error" library="BuiltIn">
<arg>click button</arg>
<arg>xpath=//*[@id="qc-cmp2-ui"]/div[2]/div/button[2]</arg>
<doc>Runs the given keyword with the given arguments and ignores possible error.</doc>
<kw name="Click Button" library="SeleniumLibrary">
<arg>xpath=//*[@id="qc-cmp2-ui"]/div[2]/div/button[2]</arg>
<doc>Clicks the button identified by ``locator``.</doc>
<msg timestamp="20231029 13:20:15.469" level="INFO">Clicking button 'xpath=//*[@id="qc-cmp2-ui"]/div[2]/div/button[2]'.</msg>
<status status="PASS" starttime="20231029 13:20:15.468" endtime="20231029 13:20:15.629"/>
</kw>
<status status="PASS" starttime="20231029 13:20:15.468" endtime="20231029 13:20:15.629"/>
</kw>
<status status="PASS" starttime="20231029 13:20:09.121" endtime="20231029 13:20:15.629"/>
</kw>
<kw name="Sleep" library="BuiltIn">
<arg>1</arg>
<doc>Pauses the test executed for the given time.</doc>
<msg timestamp="20231029 13:20:16.633" level="INFO">Slept 1 second</msg>
<status status="PASS" starttime="20231029 13:20:15.633" endtime="20231029 13:20:16.633"/>
</kw>
<kw name="Click Element" library="SeleniumLibrary">
<arg>xpath=//*[@id="navTop"]/nav/ul[1]/li[2]/a</arg>
<doc>Click the element identified by ``locator``.</doc>
<msg timestamp="20231029 13:20:16.634" level="INFO">Clicking element 'xpath=//*[@id="navTop"]/nav/ul[1]/li[2]/a'.</msg>
<status status="PASS" starttime="20231029 13:20:16.633" endtime="20231029 13:20:17.316"/>
</kw>
<kw name="Sleep" library="BuiltIn">
<arg>1</arg>
<doc>Pauses the test executed for the given time.</doc>
<msg timestamp="20231029 13:20:18.321" level="INFO">Slept 1 second</msg>
<status status="PASS" starttime="20231029 13:20:17.317" endtime="20231029 13:20:18.321"/>
</kw>
<kw name="Run Keyword And Ignore Error" library="BuiltIn">
<arg>click button</arg>
<arg>xpath=//*[@id="tcf277-permissions-modal"]/div[3]/div/button[2]</arg>
<doc>Runs the given keyword with the given arguments and ignores possible error.</doc>
<kw name="Click Button" library="SeleniumLibrary">
<arg>xpath=//*[@id="tcf277-permissions-modal"]/div[3]/div/button[2]</arg>
<doc>Clicks the button identified by ``locator``.</doc>
<msg timestamp="20231029 13:20:18.321" level="INFO">Clicking button 'xpath=//*[@id="tcf277-permissions-modal"]/div[3]/div/button[2]'.</msg>
<msg timestamp="20231029 13:20:18.458" level="INFO" html="true">&lt;/td&gt;&lt;/tr&gt;&lt;tr&gt;&lt;td colspan="3"&gt;&lt;a href="selenium-screenshot-49.png"&gt;&lt;img src="selenium-screenshot-49.png" width="800px"&gt;&lt;/a&gt;</msg>
<msg timestamp="20231029 13:20:18.458" level="FAIL">Button with locator 'xpath=//*[@id="tcf277-permissions-modal"]/div[3]/div/button[2]' not found.</msg>
<status status="FAIL" starttime="20231029 13:20:18.321" endtime="20231029 13:20:18.458"/>
</kw>
<status status="PASS" starttime="20231029 13:20:18.321" endtime="20231029 13:20:18.458"/>
</kw>
<kw name="Sleep" library="BuiltIn">
<arg>1</arg>
<doc>Pauses the test executed for the given time.</doc>
<msg timestamp="20231029 13:20:19.460" level="INFO">Slept 1 second</msg>
<status status="PASS" starttime="20231029 13:20:18.458" endtime="20231029 13:20:19.460"/>
</kw>
<kw name="Input Text" library="SeleniumLibrary">
<arg>//*[@id="f_cmu_email"]</arg>
<arg>${name}</arg>
<doc>Types the given ``text`` into the text field identified by ``locator``.</doc>
<msg timestamp="20231029 13:20:19.460" level="INFO">Typing text 'Kamil@costa.pl' into text field '//*[@id="f_cmu_email"]'.</msg>
<status status="PASS" starttime="20231029 13:20:19.460" endtime="20231029 13:20:19.564"/>
</kw>
<kw name="Input Text" library="SeleniumLibrary">
<arg>//*[@id="f_cmu_email2"]</arg>
<arg>${name}</arg>
<doc>Types the given ``text`` into the text field identified by ``locator``.</doc>
<msg timestamp="20231029 13:20:19.565" level="INFO">Typing text 'Kamil@costa.pl' into text field '//*[@id="f_cmu_email2"]'.</msg>
<status status="PASS" starttime="20231029 13:20:19.564" endtime="20231029 13:20:19.647"/>
</kw>
<kw name="Input Text" library="SeleniumLibrary">
<arg>//*[@id="f_cmu_password"]</arg>
<arg>${password}</arg>
<doc>Types the given ``text`` into the text field identified by ``locator``.</doc>
<msg timestamp="20231029 13:20:19.648" level="INFO">Typing text 'pass233' into text field '//*[@id="f_cmu_password"]'.</msg>
<status status="PASS" starttime="20231029 13:20:19.647" endtime="20231029 13:20:19.727"/>
</kw>
<kw name="Input Text" library="SeleniumLibrary">
<arg>//*[@id="f_cmu_password2"]</arg>
<arg>${password}</arg>
<doc>Types the given ``text`` into the text field identified by ``locator``.</doc>
<msg timestamp="20231029 13:20:19.729" level="INFO">Typing text 'pass233' into text field '//*[@id="f_cmu_password2"]'.</msg>
<status status="PASS" starttime="20231029 13:20:19.728" endtime="20231029 13:20:19.820"/>
</kw>
<kw name="Checkbox Should Not Be Selected" library="SeleniumLibrary">
<arg>//*[@id="newsletter_agree"]</arg>
<doc>Verifies checkbox ``locator`` is not selected/checked.</doc>
<msg timestamp="20231029 13:20:19.821" level="INFO">Verifying checkbox '//*[@id="newsletter_agree"]' is not selected.</msg>
<status status="PASS" starttime="20231029 13:20:19.820" endtime="20231029 13:20:19.858"/>
</kw>
<kw name="Select Checkbox" library="SeleniumLibrary">
<arg>//*[@id="newsletter_agree"]</arg>
<doc>Selects the checkbox identified by ``locator``.</doc>
<msg timestamp="20231029 13:20:19.859" level="INFO">Selecting checkbox '//*[@id="newsletter_agree"]'.</msg>
<status status="PASS" starttime="20231029 13:20:19.858" endtime="20231029 13:20:19.925"/>
</kw>
<kw name="Checkbox Should Not Be Selected" library="SeleniumLibrary">
<arg>//*[@id="user_register_form"]/fieldset/label[2]/input</arg>
<doc>Verifies checkbox ``locator`` is not selected/checked.</doc>
<msg timestamp="20231029 13:20:19.926" level="INFO">Verifying checkbox '//*[@id="user_register_form"]/fieldset/label[2]/input' is not selected.</msg>
<status status="PASS" starttime="20231029 13:20:19.925" endtime="20231029 13:20:19.954"/>
</kw>
<kw name="Select Checkbox" library="SeleniumLibrary">
<arg>//*[@id="user_register_form"]/fieldset/label[2]/input</arg>
<doc>Selects the checkbox identified by ``locator``.</doc>
<msg timestamp="20231029 13:20:19.955" level="INFO">Selecting checkbox '//*[@id="user_register_form"]/fieldset/label[2]/input'.</msg>
<status status="PASS" starttime="20231029 13:20:19.955" endtime="20231029 13:20:20.016"/>
</kw>
<kw name="Checkbox Should Not Be Selected" library="SeleniumLibrary">
<arg>//*[@id="user_register_form"]/fieldset/label[3]/input</arg>
<doc>Verifies checkbox ``locator`` is not selected/checked.</doc>
<msg timestamp="20231029 13:20:20.016" level="INFO">Verifying checkbox '//*[@id="user_register_form"]/fieldset/label[3]/input' is not selected.</msg>
<status status="PASS" starttime="20231029 13:20:20.016" endtime="20231029 13:20:20.047"/>
</kw>
<kw name="Select Checkbox" library="SeleniumLibrary">
<arg>//*[@id="user_register_form"]/fieldset/label[3]/input</arg>
<doc>Selects the checkbox identified by ``locator``.</doc>
<msg timestamp="20231029 13:20:20.048" level="INFO">Selecting checkbox '//*[@id="user_register_form"]/fieldset/label[3]/input'.</msg>
<status status="PASS" starttime="20231029 13:20:20.047" endtime="20231029 13:20:20.111"/>
</kw>
<kw name="Sleep" library="BuiltIn">
<arg>3</arg>
<doc>Pauses the test executed for the given time.</doc>
<msg timestamp="20231029 13:20:23.113" level="INFO">Slept 3 seconds</msg>
<status status="PASS" starttime="20231029 13:20:20.112" endtime="20231029 13:20:23.113"/>
</kw>
<kw name="Click Button" library="SeleniumLibrary">
<arg>//*[@id="user_register_form"]/fieldset/footer/button</arg>
<doc>Clicks the button identified by ``locator``.</doc>
<msg timestamp="20231029 13:20:23.113" level="INFO">Clicking button '//*[@id="user_register_form"]/fieldset/footer/button'.</msg>
<status status="PASS" starttime="20231029 13:20:23.113" endtime="20231029 13:20:24.309"/>
</kw>
<kw name="Sleep" library="BuiltIn">
<arg>3</arg>
<doc>Pauses the test executed for the given time.</doc>
<msg timestamp="20231029 13:20:27.310" level="INFO">Slept 3 seconds</msg>
<status status="PASS" starttime="20231029 13:20:24.309" endtime="20231029 13:20:27.310"/>
</kw>
<status status="PASS" starttime="20231029 13:20:09.121" endtime="20231029 13:20:27.310"/>
</test>
<status status="PASS" starttime="20231029 13:20:08.886" endtime="20231029 13:20:27.311"/>
</suite>
<statistics>
<total>
<stat pass="1" fail="0" skip="0">All Tests</stat>
</total>
<tag>
</tag>
<suite>
<stat pass="1" fail="0" skip="0" id="s1" name="Robot Cwiczenie">Robot Cwiczenie</stat>
</suite>
</statistics>
<errors>
</errors>
</robot>
